TN:
SF:services\auth.service.ts
FN:42,(anonymous_0)
FN:46,(anonymous_1)
FN:88,(anonymous_2)
FN:121,(anonymous_3)
FN:138,(anonymous_4)
FN:196,(anonymous_5)
FN:199,(anonymous_6)
FN:202,(anonymous_7)
FN:205,(anonymous_8)
FNF:9
FNH:9
FNDA:10,(anonymous_0)
FNDA:9,(anonymous_1)
FNDA:7,(anonymous_2)
FNDA:6,(anonymous_3)
FNDA:2,(anonymous_4)
FNDA:2,(anonymous_5)
FNDA:3,(anonymous_6)
FNDA:2,(anonymous_7)
FNDA:2,(anonymous_8)
DA:40,10
DA:43,10
DA:46,9
DA:47,9
DA:53,9
DA:54,2
DA:57,7
DA:58,7
DA:73,7
DA:88,7
DA:89,7
DA:94,7
DA:96,7
DA:97,2
DA:100,5
DA:102,5
DA:103,1
DA:106,4
DA:121,6
DA:122,6
DA:123,6
DA:124,6
DA:125,6
DA:127,6
DA:135,6
DA:138,2
DA:145,2
DA:157,2
DA:158,1
DA:160,1
DA:161,0
DA:164,1
DA:173,1
DA:175,1
DA:191,1
DA:196,2
DA:197,2
DA:199,2
DA:200,3
DA:202,2
DA:203,2
DA:205,2
DA:208,2
LF:43
LH:42
BRDA:53,0,0,2
BRDA:53,0,1,7
BRDA:79,1,0,7
BRDA:79,1,1,7
BRDA:80,2,0,9
BRDA:80,2,1,7
BRDA:84,3,0,9
BRDA:84,3,1,7
BRDA:96,4,0,2
BRDA:96,4,1,5
BRDA:102,5,0,1
BRDA:102,5,1,4
BRDA:112,6,0,4
BRDA:112,6,1,4
BRDA:113,7,0,7
BRDA:113,7,1,4
BRDA:117,8,0,7
BRDA:117,8,1,4
BRDA:160,9,0,0
BRDA:160,9,1,1
BRDA:181,10,0,1
BRDA:181,10,1,1
BRDA:182,11,0,1
BRDA:182,11,1,1
BRDA:186,12,0,1
BRDA:186,12,1,1
BRF:26
BRH:25
end_of_record
TN:
SF:services\dishes.service.ts
FN:27,(anonymous_0)
FN:31,(anonymous_1)
FN:60,(anonymous_2)
FN:100,(anonymous_3)
FN:112,(anonymous_4)
FN:138,(anonymous_5)
FNF:6
FNH:1
FNDA:1,(anonymous_0)
FNDA:0,(anonymous_1)
FNDA:0,(anonymous_2)
FNDA:0,(anonymous_3)
FNDA:0,(anonymous_4)
FNDA:0,(anonymous_5)
DA:28,1
DA:31,0
DA:35,0
DA:39,0
DA:40,0
DA:43,0
DA:44,0
DA:47,0
DA:57,0
DA:60,0
DA:67,0
DA:71,0
DA:72,0
DA:78,0
DA:79,0
DA:80,0
DA:81,0
DA:82,0
DA:85,0
DA:94,0
DA:100,0
DA:101,0
DA:105,0
DA:106,0
DA:109,0
DA:112,0
DA:117,0
DA:122,0
DA:123,0
DA:126,0
DA:127,0
DA:130,0
DA:135,0
DA:138,0
DA:139,0
DA:144,0
DA:145,0
DA:148,0
DA:149,0
DA:152,0
LF:40
LH:1
BRDA:39,0,0,0
BRDA:39,0,1,0
BRDA:43,1,0,0
BRDA:43,1,1,0
BRDA:43,2,0,0
BRDA:43,2,1,0
BRDA:71,3,0,0
BRDA:71,3,1,0
BRDA:79,4,0,0
BRDA:79,4,1,0
BRDA:79,5,0,0
BRDA:79,5,1,0
BRDA:81,6,0,0
BRDA:81,6,1,0
BRDA:82,7,0,0
BRDA:82,7,1,0
BRDA:105,8,0,0
BRDA:105,8,1,0
BRDA:122,9,0,0
BRDA:122,9,1,0
BRDA:126,10,0,0
BRDA:126,10,1,0
BRDA:126,11,0,0
BRDA:126,11,1,0
BRDA:144,12,0,0
BRDA:144,12,1,0
BRDA:148,13,0,0
BRDA:148,13,1,0
BRDA:148,14,0,0
BRDA:148,14,1,0
BRF:30
BRH:0
end_of_record
TN:
SF:services\orders.service.ts
FN:37,(anonymous_0)
FN:41,(anonymous_1)
FN:49,(anonymous_2)
FN:58,(anonymous_3)
FN:61,(anonymous_4)
FN:95,(anonymous_5)
FN:105,(anonymous_6)
FN:127,(anonymous_7)
FN:141,(anonymous_8)
FN:177,(anonymous_9)
FNF:10
FNH:1
FNDA:1,(anonymous_0)
FNDA:0,(anonymous_1)
FNDA:0,(anonymous_2)
FNDA:0,(anonymous_3)
FNDA:0,(anonymous_4)
FNDA:0,(anonymous_5)
FNDA:0,(anonymous_6)
FNDA:0,(anonymous_7)
FNDA:0,(anonymous_8)
FNDA:0,(anonymous_9)
DA:27,1
DA:38,1
DA:41,0
DA:42,0
DA:45,0
DA:46,0
DA:49,0
DA:50,0
DA:54,0
DA:55,0
DA:58,0
DA:60,0
DA:61,0
DA:62,0
DA:63,0
DA:64,0
DA:65,0
DA:72,0
DA:85,0
DA:92,0
DA:95,0
DA:96,0
DA:102,0
DA:105,0
DA:106,0
DA:111,0
DA:112,0
DA:116,0
DA:117,0
DA:118,0
DA:120,0
DA:121,0
DA:124,0
DA:127,0
DA:128,0
DA:138,0
DA:141,0
DA:142,0
DA:147,0
DA:148,0
DA:152,0
DA:153,0
DA:154,0
DA:155,0
DA:161,0
DA:162,0
DA:163,0
DA:168,0
DA:174,0
DA:177,0
DA:178,0
DA:183,0
DA:184,0
DA:188,0
DA:189,0
DA:190,0
DA:191,0
DA:195,0
DA:196,0
DA:201,0
LF:60
LH:2
BRDA:45,0,0,0
BRDA:45,0,1,0
BRDA:54,1,0,0
BRDA:54,1,1,0
BRDA:111,2,0,0
BRDA:111,2,1,0
BRDA:120,3,0,0
BRDA:120,3,1,0
BRDA:120,4,0,0
BRDA:120,4,1,0
BRDA:120,4,2,0
BRDA:147,5,0,0
BRDA:147,5,1,0
BRDA:154,6,0,0
BRDA:154,6,1,0
BRDA:154,7,0,0
BRDA:154,7,1,0
BRDA:162,8,0,0
BRDA:162,8,1,0
BRDA:162,9,0,0
BRDA:162,9,1,0
BRDA:164,10,0,0
BRDA:164,10,1,0
BRDA:183,11,0,0
BRDA:183,11,1,0
BRDA:190,12,0,0
BRDA:190,12,1,0
BRDA:190,13,0,0
BRDA:190,13,1,0
BRDA:195,14,0,0
BRDA:195,14,1,0
BRF:31
BRH:0
end_of_record
TN:
SF:services\restaurants.service.ts
FN:45,(anonymous_0)
FN:49,(anonymous_1)
FN:93,(anonymous_2)
FN:114,(anonymous_3)
FN:127,(anonymous_4)
FN:140,(anonymous_5)
FN:174,(anonymous_6)
FNF:7
FNH:1
FNDA:1,(anonymous_0)
FNDA:0,(anonymous_1)
FNDA:0,(anonymous_2)
FNDA:0,(anonymous_3)
FNDA:0,(anonymous_4)
FNDA:0,(anonymous_5)
FNDA:0,(anonymous_6)
DA:46,1
DA:49,0
DA:52,0
DA:58,0
DA:59,0
DA:62,0
DA:75,0
DA:93,0
DA:99,0
DA:100,0
DA:108,0
DA:114,0
DA:117,0
DA:122,0
DA:127,0
DA:130,0
DA:135,0
DA:140,0
DA:146,0
DA:151,0
DA:152,0
DA:154,0
DA:155,0
DA:159,0
DA:161,0
DA:162,0
DA:165,0
DA:171,0
DA:174,0
DA:178,0
DA:183,0
DA:184,0
DA:186,0
DA:187,0
DA:191,0
LF:35
LH:1
BRDA:58,0,0,0
BRDA:58,0,1,0
BRDA:99,1,0,0
BRDA:99,1,1,0
BRDA:151,2,0,0
BRDA:151,2,1,0
BRDA:154,3,0,0
BRDA:154,3,1,0
BRDA:154,4,0,0
BRDA:154,4,1,0
BRDA:161,5,0,0
BRDA:161,5,1,0
BRDA:183,6,0,0
BRDA:183,6,1,0
BRDA:186,7,0,0
BRDA:186,7,1,0
BRDA:186,8,0,0
BRDA:186,8,1,0
BRF:18
BRH:0
end_of_record
TN:
SF:services\users.service.ts
FN:26,(anonymous_0)
FN:30,(anonymous_1)
FN:50,(anonymous_2)
FN:96,(anonymous_3)
FN:101,(anonymous_4)
FN:107,(anonymous_5)
FN:116,(anonymous_6)
FNF:7
FNH:1
FNDA:1,(anonymous_0)
FNDA:0,(anonymous_1)
FNDA:0,(anonymous_2)
FNDA:0,(anonymous_3)
FNDA:0,(anonymous_4)
FNDA:0,(anonymous_5)
FNDA:0,(anonymous_6)
DA:27,1
DA:30,0
DA:31,0
DA:32,0
DA:33,0
DA:35,0
DA:50,0
DA:55,0
DA:56,0
DA:59,0
DA:60,0
DA:63,0
DA:64,0
DA:68,0
DA:69,0
DA:70,0
DA:71,0
DA:74,0
DA:79,0
DA:96,0
DA:97,0
DA:98,0
DA:101,0
DA:103,0
DA:107,0
DA:110,0
DA:116,0
DA:119,0
DA:129,0
DA:134,0
DA:139,0
DA:144,0
LF:32
LH:1
BRDA:32,0,0,0
BRDA:32,0,1,0
BRDA:41,1,0,0
BRDA:41,1,1,0
BRDA:42,2,0,0
BRDA:42,2,1,0
BRDA:46,3,0,0
BRDA:46,3,1,0
BRDA:55,4,0,0
BRDA:55,4,1,0
BRDA:59,5,0,0
BRDA:59,5,1,0
BRDA:63,6,0,0
BRDA:63,6,1,0
BRDA:63,7,0,0
BRDA:63,7,1,0
BRDA:70,8,0,0
BRDA:70,8,1,0
BRDA:86,9,0,0
BRDA:86,9,1,0
BRDA:87,10,0,0
BRDA:87,10,1,0
BRDA:91,11,0,0
BRDA:91,11,1,0
BRDA:97,12,0,0
BRDA:97,12,1,0
BRF:26
BRH:0
end_of_record
TN:
SF:services\websocket.service.ts
FN:6,(anonymous_0)
FN:16,(anonymous_1)
FN:28,(anonymous_2)
FNF:3
FNH:0
FNDA:0,(anonymous_0)
FNDA:0,(anonymous_1)
FNDA:0,(anonymous_2)
DA:4,1
DA:6,1
DA:10,0
DA:11,0
DA:13,0
DA:16,1
DA:20,0
DA:21,0
DA:22,0
DA:23,0
DA:24,0
DA:28,1
DA:33,0
DA:34,0
DA:36,0
DA:42,0
DA:43,0
DA:44,0
DA:46,0
LF:19
LH:4
BRDA:10,0,0,0
BRDA:10,0,1,0
BRDA:21,1,0,0
BRDA:21,1,1,0
BRDA:23,2,0,0
BRDA:23,2,1,0
BRDA:34,3,0,0
BRDA:34,3,1,0
BRF:8
BRH:0
end_of_record
